[HPM] Proxy created: /  ->  https://www.xiteng.com/
events.js:182
      throw er; // Unhandled 'error' event
      ^

Error: listen EADDRINUSE :::9934
    at Object.exports._errnoException (util.js:1022:11)
    at exports._exceptionWithHostPort (util.js:1045:20)
    at Server.setupListenHandle [as _listen2] (net.js:1315:14)
    at listenInCluster (net.js:1363:12)
    at Server.listen (net.js:1463:7)
    at Object.<anonymous> (/home/xituser/node-server/node-study/app.js:38:47)
    at Module._compile (module.js:569:30)
    at Object.Module._extensions..js (module.js:580:10)
    at Module.load (module.js:503:32)
    at tryModuleLoad (module.js:466:12)
[HPM] Proxy created: /  ->  https://www.xiteng.com/
app listening at http://::9934
app address :: 9934
(node:20365) UnhandledPromiseRejectionWarning: Unhandled promise rejection (rejection id: 1): TypeError: Cannot read property 'replace' of undefined
(node:20365) [DEP0018] DeprecationWarning: Unhandled promise rejections are deprecated. In the future, promise rejections that are not handled will terminate the Node.js process with a non-zero exit code.
(node:20365) UnhandledPromiseRejectionWarning: Unhandled promise rejection (rejection id: 2): TypeError: Cannot read property 'replace' of undefined
(node:20365) UnhandledPromiseRejectionWarning: Unhandled promise rejection (rejection id: 3): TypeError: Cannot read property 'replace' of undefined
[HPM] Proxy created: /  ->  https://www.xiteng.com/
ranning at port 9934
ranning at app Server {
  domain: null,
  _events: 
   { request: 
      { [EventEmitter: app]
        domain: undefined,
        _events: [Object],
        _maxListeners: undefined,
        setMaxListeners: [Function: setMaxListeners],
        getMaxListeners: [Function: getMaxListeners],
        emit: [Function: emit],
        addListener: [Function: addListener],
        on: [Function: addListener],
        prependListener: [Function: prependListener],
        once: [Function: once],
        prependOnceListener: [Function: prependOnceListener],
        removeListener: [Function: removeListener],
        removeAllListeners: [Function: removeAllListeners],
        listeners: [Function: listeners],
        listenerCount: [Function: listenerCount],
        eventNames: [Function: eventNames],
        init: [Function: init],
        defaultConfiguration: [Function: defaultConfiguration],
        lazyrouter: [Function: lazyrouter],
        handle: [Function: handle],
        use: [Function: use],
        route: [Function: route],
        engine: [Function: engine],
        param: [Function: param],
        set: [Function: set],
        path: [Function: path],
        enabled: [Function: enabled],
        disabled: [Function: disabled],
        enable: [Function: enable],
        disable: [Function: disable],
        acl: [Function],
        bind: [Function],
        checkout: [Function],
        connect: [Function],
        copy: [Function],
        delete: [Function],
        get: [Function],
        head: [Function],
        link: [Function],
        lock: [Function],
        'm-search': [Function],
        merge: [Function],
        mkactivity: [Function],
        mkcalendar: [Function],
        mkcol: [Function],
        move: [Function],
        notify: [Function],
        options: [Function],
        patch: [Function],
        post: [Function],
        propfind: [Function],
        proppatch: [Function],
        purge: [Function],
        put: [Function],
        rebind: [Function],
        report: [Function],
        search: [Function],
        subscribe: [Function],
        trace: [Function],
        unbind: [Function],
        unlink: [Function],
        unlock: [Function],
        unsubscribe: [Function],
        all: [Function: all],
        del: [Function],
        render: [Function: render],
        listen: [Function: listen],
        request: [Object],
        response: [Object],
        cache: {},
        engines: [Object],
        settings: [Object],
        _eventsCount: 1,
        locals: [Object],
        mountpath: '/',
        _router: [Object] },
     connection: [Function: connectionListener] },
  _eventsCount: 2,
  _maxListeners: undefined,
  _connections: 0,
  _handle: 
   TCP {
     bytesRead: 0,
     _externalStream: [External],
     fd: 10,
     reading: false,
     owner: [Circular],
     onread: null,
     onconnection: [Function: onconnection],
     writeQueueSize: 0 },
  _usingSlaves: false,
  _slaves: [],
  _unref: false,
  allowHalfOpen: true,
  pauseOnConnect: false,
  httpAllowHalfOpen: false,
  timeout: 120000,
  keepAliveTimeout: 5000,
  _pendingResponseData: 0,
  maxHeadersCount: null,
  _connectionKey: '6::::9934',
  [Symbol(asyncId)]: 3 }
[HPM] Proxy created: /  ->  https://www.xiteng.com/
ranning at host ::
ranning at port 9934
[HPM] Proxy created: /  ->  https://www.xiteng.com/
ranning at host ::
ranning at port 9934
[HPM] Proxy created: /  ->  https://www.xiteng.com/
ranning at host ::
ranning at port 9934
node: symbol lookup error: /home/xituser/node-server/node-study/node_modules/canvas/build/Release/canvas.node: undefined symbol: _ZN2v87Isolate19CheckMemoryPressureEv
[HPM] Proxy created: /  ->  https://www.xiteng.com/
ranning at host ::
ranning at port 9934
node: symbol lookup error: /home/xituser/node-server/node-study/node_modules/canvas/build/Release/canvas.node: undefined symbol: _ZN2v87Isolate19CheckMemoryPressureEv
[HPM] Proxy created: /  ->  https://www.xiteng.com/
ranning at host ::
ranning at port 9934
qrTextPretty  https://www.xiteng.com/xitenggamenode/create_qrcode?text=https://www.xiteng.com/xitenggamejar/index?logo=http://123.57.161.212:8080/group1/M00/00/73/ezmh1Fv95a2AEWuUAAHtZnugoBs509.jpg
node: symbol lookup error: /home/xituser/node-server/node-study/node_modules/canvas/build/Release/canvas.node: undefined symbol: _ZN2v87Isolate19CheckMemoryPressureEv
